Start testing: Sep 30 06:53 KST
----------------------------------------------------------
1/4 Testing: FileManager.FileInitializationTest
1/4 Test: FileManager.FileInitializationTest
Command: "/mnt/c/users/ingyu/documents/gitlab/데이터베이스시스템및응용/project2/db_project/build/bin/db_test" "--gtest_filter=FileManager.FileInitializationTest" "--gtest_also_run_disabled_tests"
Directory: /mnt/c/users/ingyu/documents/gitlab/데이터베이스시스템및응용/project2/db_project/build/test
"FileManager.FileInitializationTest" start time: Sep 30 06:53 KST
Output:
----------------------------------------------------------
Running main() from /mnt/c/users/ingyu/documents/gitlab/데이터베이스시스템및응용/project2/db_project/build/_deps/googletest-src/googletest/src/gtest_main.cc
Note: Google Test filter = FileManager.FileInitializationTest
[==========] Running 1 test from 1 test suite.
[----------] Global test environment set-up.
[----------] 1 test from FileManager
[ RUN      ] FileManager.FileInitializationTest
File 'testdb' already exists. Deleting it.
[INFO]: open(testdb)
[       OK ] FileManager.FileInitializationTest (134 ms)
[----------] 1 test from FileManager (134 ms total)

[----------] Global test environment tear-down
[==========] 1 test from 1 test suite ran. (135 ms total)
[  PASSED  ] 1 test.
<end of output>
Test time =   0.24 sec
----------------------------------------------------------
Test Passed.
"FileManager.FileInitializationTest" end time: Sep 30 06:53 KST
"FileManager.FileInitializationTest" time elapsed: 00:00:00
----------------------------------------------------------

2/4 Testing: FileManager.SimpleAllocFree
2/4 Test: FileManager.SimpleAllocFree
Command: "/mnt/c/users/ingyu/documents/gitlab/데이터베이스시스템및응용/project2/db_project/build/bin/db_test" "--gtest_filter=FileManager.SimpleAllocFree" "--gtest_also_run_disabled_tests"
Directory: /mnt/c/users/ingyu/documents/gitlab/데이터베이스시스템및응용/project2/db_project/build/test
"FileManager.SimpleAllocFree" start time: Sep 30 06:53 KST
Output:
----------------------------------------------------------
Running main() from /mnt/c/users/ingyu/documents/gitlab/데이터베이스시스템및응용/project2/db_project/build/_deps/googletest-src/googletest/src/gtest_main.cc
Note: Google Test filter = FileManager.SimpleAllocFree
[==========] Running 1 test from 1 test suite.
[----------] Global test environment set-up.
[----------] 1 test from FileManager
[ RUN      ] FileManager.SimpleAllocFree
[INFO]: open(testdb)
[       OK ] FileManager.SimpleAllocFree (70 ms)
[----------] 1 test from FileManager (70 ms total)

[----------] Global test environment tear-down
[==========] 1 test from 1 test suite ran. (70 ms total)
[  PASSED  ] 1 test.
<end of output>
Test time =   0.16 sec
----------------------------------------------------------
Test Passed.
"FileManager.SimpleAllocFree" end time: Sep 30 06:53 KST
"FileManager.SimpleAllocFree" time elapsed: 00:00:00
----------------------------------------------------------

3/4 Testing: FileManager.AdvancedAllocation
3/4 Test: FileManager.AdvancedAllocation
Command: "/mnt/c/users/ingyu/documents/gitlab/데이터베이스시스템및응용/project2/db_project/build/bin/db_test" "--gtest_filter=FileManager.AdvancedAllocation" "--gtest_also_run_disabled_tests"
Directory: /mnt/c/users/ingyu/documents/gitlab/데이터베이스시스템및응용/project2/db_project/build/test
"FileManager.AdvancedAllocation" start time: Sep 30 06:53 KST
Output:
----------------------------------------------------------
Running main() from /mnt/c/users/ingyu/documents/gitlab/데이터베이스시스템및응용/project2/db_project/build/_deps/googletest-src/googletest/src/gtest_main.cc
Note: Google Test filter = FileManager.AdvancedAllocation
[==========] Running 1 test from 1 test suite.
[----------] Global test environment set-up.
[----------] 1 test from FileManager
[ RUN      ] FileManager.AdvancedAllocation
[INFO]: open(testdb)
[       OK ] FileManager.AdvancedAllocation (520 ms)
[----------] 1 test from FileManager (521 ms total)

[----------] Global test environment tear-down
[==========] 1 test from 1 test suite ran. (521 ms total)
[  PASSED  ] 1 test.
<end of output>
Test time =   0.59 sec
----------------------------------------------------------
Test Passed.
"FileManager.AdvancedAllocation" end time: Sep 30 06:53 KST
"FileManager.AdvancedAllocation" time elapsed: 00:00:00
----------------------------------------------------------

4/4 Testing: FileManager.PageIO
4/4 Test: FileManager.PageIO
Command: "/mnt/c/users/ingyu/documents/gitlab/데이터베이스시스템및응용/project2/db_project/build/bin/db_test" "--gtest_filter=FileManager.PageIO" "--gtest_also_run_disabled_tests"
Directory: /mnt/c/users/ingyu/documents/gitlab/데이터베이스시스템및응용/project2/db_project/build/test
"FileManager.PageIO" start time: Sep 30 06:53 KST
Output:
----------------------------------------------------------
Running main() from /mnt/c/users/ingyu/documents/gitlab/데이터베이스시스템및응용/project2/db_project/build/_deps/googletest-src/googletest/src/gtest_main.cc
Note: Google Test filter = FileManager.PageIO
[==========] Running 1 test from 1 test suite.
[----------] Global test environment set-up.
[----------] 1 test from FileManager
[ RUN      ] FileManager.PageIO
[INFO]: open(testdb)
[       OK ] FileManager.PageIO (3 ms)
[----------] 1 test from FileManager (3 ms total)

[----------] Global test environment tear-down
[==========] 1 test from 1 test suite ran. (3 ms total)
[  PASSED  ] 1 test.
<end of output>
Test time =   0.11 sec
----------------------------------------------------------
Test Passed.
"FileManager.PageIO" end time: Sep 30 06:53 KST
"FileManager.PageIO" time elapsed: 00:00:00
----------------------------------------------------------

End testing: Sep 30 06:53 KST
